<?xml version="1.0" encoding="UTF-8"?>
<!-- Generated by org.testng.reporters.JUnitXMLReporter -->
<testsuite ignored="0" hostname="LAPTOP-8IE1GFT0" failures="5" tests="10" name="Test" time="42.988" errors="0" timestamp="2024-08-23T10:26:21 IST">
  <testcase classname="com.swagRunner.SwagRunner" name="emptyUserEmptyPass" time="0.709"/>
  <testcase classname="com.swagRunner.SwagRunner" name="validUserEmptyPass" time="0.422"/>
  <testcase classname="com.swagRunner.SwagRunner" name="validUserInvalidPass" time="0.491"/>
  <testcase classname="com.swagRunner.SwagRunner" name="invalidUserValidPass" time="0.444"/>
  <testcase classname="com.swagRunner.SwagRunner" name="LoginTest" time="5.501"/>
  <testcase classname="com.swagRunner.SwagRunner" name="order1" time="6.194">
    <failure type="java.lang.AssertionError" message="expected [true] but found [false]">
      <![CDATA[java.lang.AssertionError: expected [true] but found [false]
at com.swagRunner.SwagRunner.order1(SwagRunner.java:83)
at java.base/java.util.ArrayList.forEach(ArrayList.java:1596)
... Removed 29 stack frames]]>
    </failure>
  </testcase> <!-- order1 -->
  <testcase classname="com.swagRunner.SwagRunner" name="order2" time="6.149">
    <failure type="java.lang.AssertionError" message="expected [true] but found [false]">
      <![CDATA[java.lang.AssertionError: expected [true] but found [false]
at com.swagRunner.SwagRunner.order2(SwagRunner.java:91)
at java.base/java.util.ArrayList.forEach(ArrayList.java:1596)
... Removed 29 stack frames]]>
    </failure>
  </testcase> <!-- order2 -->
  <testcase classname="com.swagRunner.SwagRunner" name="order3" time="6.109">
    <failure type="java.lang.AssertionError" message="expected [true] but found [false]">
      <![CDATA[java.lang.AssertionError: expected [true] but found [false]
at com.swagRunner.SwagRunner.order3(SwagRunner.java:99)
at java.base/java.util.ArrayList.forEach(ArrayList.java:1596)
... Removed 29 stack frames]]>
    </failure>
  </testcase> <!-- order3 -->
  <testcase classname="com.swagRunner.SwagRunner" name="order4" time="6.16">
    <failure type="java.lang.AssertionError" message="expected [true] but found [false]">
      <![CDATA[java.lang.AssertionError: expected [true] but found [false]
at com.swagRunner.SwagRunner.order4(SwagRunner.java:107)
at java.base/java.util.ArrayList.forEach(ArrayList.java:1596)
... Removed 29 stack frames]]>
    </failure>
  </testcase> <!-- order4 -->
  <testcase classname="com.swagRunner.SwagRunner" name="order5" time="6.126">
    <failure type="java.lang.AssertionError" message="expected [true] but found [false]">
      <![CDATA[java.lang.AssertionError: expected [true] but found [false]
at com.swagRunner.SwagRunner.order5(SwagRunner.java:115)
at java.base/java.util.ArrayList.forEach(ArrayList.java:1596)
... Removed 29 stack frames]]>
    </failure>
  </testcase> <!-- order5 -->
</testsuite> <!-- Test -->
